c:\users\skeep\onedrive - edu espoo\työpöytä\csgoexternalmultihack-main\release\vc143.pdb
c:\users\skeep\onedrive - edu espoo\työpöytä\csgoexternalmultihack-main\release\imgui_widgets.obj
c:\users\skeep\onedrive - edu espoo\työpöytä\csgoexternalmultihack-main\release\imgui_tables.obj
c:\users\skeep\onedrive - edu espoo\työpöytä\csgoexternalmultihack-main\release\imgui_impl_win32.obj
c:\users\skeep\onedrive - edu espoo\työpöytä\csgoexternalmultihack-main\release\imgui_impl_dx9.obj
c:\users\skeep\onedrive - edu espoo\työpöytä\csgoexternalmultihack-main\release\imgui_draw.obj
c:\users\skeep\onedrive - edu espoo\työpöytä\csgoexternalmultihack-main\release\imgui_demo.obj
c:\users\skeep\onedrive - edu espoo\työpöytä\csgoexternalmultihack-main\release\imgui.obj
c:\users\skeep\onedrive - edu espoo\työpöytä\csgoexternalmultihack-main\release\hacks.obj
c:\users\skeep\onedrive - edu espoo\työpöytä\csgoexternalmultihack-main\release\main.obj
c:\users\skeep\onedrive - edu espoo\työpöytä\csgoexternalmultihack-main\release\gui.obj
c:\users\skeep\onedrive - edu espoo\työpöytä\csgoexternalmultihack-main\release\external multicheat.ipdb
c:\users\skeep\onedrive - edu espoo\työpöytä\csgoexternalmultihack-main\release\external multicheat.iobj
c:\users\skeep\onedrive - edu espoo\työpöytä\csgoexternalmultihack-main\release\external multicheat.exe
c:\users\skeep\onedrive - edu espoo\työpöytä\csgoexternalmultihack-main\release\external multicheat.pdb
c:\users\skeep\onedrive - edu espoo\työpöytä\csgoexternalmultihack-main\release\external.cec6ff98.tlog\cl.command.1.tlog
c:\users\skeep\onedrive - edu espoo\työpöytä\csgoexternalmultihack-main\release\external.cec6ff98.tlog\cl.read.1.tlog
c:\users\skeep\onedrive - edu espoo\työpöytä\csgoexternalmultihack-main\release\external.cec6ff98.tlog\cl.write.1.tlog
c:\users\skeep\onedrive - edu espoo\työpöytä\csgoexternalmultihack-main\release\external.cec6ff98.tlog\link.command.1.tlog
c:\users\skeep\onedrive - edu espoo\työpöytä\csgoexternalmultihack-main\release\external.cec6ff98.tlog\link.read.1.tlog
c:\users\skeep\onedrive - edu espoo\työpöytä\csgoexternalmultihack-main\release\external.cec6ff98.tlog\link.write.1.tlog
c:\users\skeep\onedrive - edu espoo\työpöytä\csgoexternalmultihack-main\release\external.cec6ff98.tlog\link.write.2u.tlog
